  [1m[35m (510.4ms)[0m  [1m[35mCREATE DATABASE "ej_blog_forms_development" ENCODING = 'unicode'[0m
  [1m[35m (239.9ms)[0m  [1m[35mCREATE DATABASE "ej_blog_forms_test" ENCODING = 'unicode'[0m
Started GET "/" for ::1 at 2020-08-04 11:41:30 -0700
Processing by Rails::WelcomeController#index as HTML
  Rendering /Users/learnacademy/.rvm/gems/ruby-2.7.0/gems/railties-6.0.3.2/lib/rails/templates/rails/welcome/index.html.erb
  Rendered /Users/learnacademy/.rvm/gems/ruby-2.7.0/gems/railties-6.0.3.2/lib/rails/templates/rails/welcome/index.html.erb (Duration: 24.2ms | Allocations: 409)
Completed 200 OK in 51ms (Views: 35.7ms | ActiveRecord: 0.0ms | Allocations: 2404)


  [1m[35m (10.2ms)[0m  [1m[35mCREATE TABLE "schema_migrations" ("version" character varying NOT NULL PRIMARY KEY)[0m
  [1m[35m (30.7ms)[0m  [1m[35mCREATE TABLE "ar_internal_metadata" ("key" character varying NOT NULL PRIMARY KEY, "value" character varying, "created_at" timestamp(6) NOT NULL, "updated_at" timestamp(6) NOT NULL)[0m
  [1m[35m (0.4ms)[0m  [1m[34mSELECT pg_try_advisory_lock(1158755438172894975)[0m
  [1m[35m (0.8ms)[0m  [1m[34mSELECT "schema_migrations"."version" FROM "schema_migrations" ORDER BY "schema_migrations"."version" ASC[0m
Migrating to CreateBlogs (20200804184311)
  [1m[35m (0.3ms)[0m  [1m[35mBEGIN[0m
  [1m[35m (29.4ms)[0m  [1m[35mCREATE TABLE "blogs" ("id" bigserial primary key, "title" character varying, "content" character varying, "created_at" timestamp(6) NOT NULL, "updated_at" timestamp(6) NOT NULL)[0m
  [1m[36mprimary::SchemaMigration Create (22.4ms)[0m  [1m[32mINSERT INTO "schema_migrations" ("version") VALUES ($1) RETURNING "version"[0m  [["version", "20200804184311"]]
  [1m[35m (0.7ms)[0m  [1m[35mCOMMIT[0m
  [1m[36mActiveRecord::InternalMetadata Load (0.5ms)[0m  [1m[34mSELECT "ar_internal_metadata".* FROM "ar_internal_metadata" WHERE "ar_internal_metadata"."key" = $1 LIMIT $2[0m  [["key", "environment"], ["LIMIT", 1]]
  [1m[35m (0.3ms)[0m  [1m[35mBEGIN[0m
  [1m[36mActiveRecord::InternalMetadata Create (1.0ms)[0m  [1m[32mINSERT INTO "ar_internal_metadata" ("key", "value", "created_at", "updated_at") VALUES ($1, $2, $3, $4) RETURNING "key"[0m  [["key", "environment"], ["value", "development"], ["created_at", "2020-08-04 18:43:35.288176"], ["updated_at", "2020-08-04 18:43:35.288176"]]
  [1m[35m (0.7ms)[0m  [1m[35mCOMMIT[0m
  [1m[35m (0.4ms)[0m  [1m[34mSELECT pg_advisory_unlock(1158755438172894975)[0m
  [1m[35m (0.8ms)[0m  [1m[34mSELECT "schema_migrations"."version" FROM "schema_migrations" ORDER BY "schema_migrations"."version" ASC[0m
Started GET "/" for ::1 at 2020-08-04 11:50:58 -0700
  [1m[35m (1.1ms)[0m  [1m[34mSELECT "schema_migrations"."version" FROM "schema_migrations" ORDER BY "schema_migrations"."version" ASC[0m
Processing by Rails::WelcomeController#index as HTML
  Rendering /Users/learnacademy/.rvm/gems/ruby-2.7.0/gems/railties-6.0.3.2/lib/rails/templates/rails/welcome/index.html.erb
  Rendered /Users/learnacademy/.rvm/gems/ruby-2.7.0/gems/railties-6.0.3.2/lib/rails/templates/rails/welcome/index.html.erb (Duration: 14.4ms | Allocations: 295)
Completed 200 OK in 28ms (Views: 18.2ms | ActiveRecord: 0.0ms | Allocations: 1684)


  [1m[35m (0.2ms)[0m  [1m[35mBEGIN[0m
  [1m[36mBlog Create (1.2ms)[0m  [1m[32mINSERT INTO "blogs" ("title", "content", "created_at", "updated_at") VALUES ($1, $2, $3, $4) RETURNING "id"[0m  [["title", "5 benefits of lemon water"], ["content", "It's great for you !"], ["created_at", "2020-08-04 18:55:18.035829"], ["updated_at", "2020-08-04 18:55:18.035829"]]
  [1m[35m (2.5ms)[0m  [1m[35mCOMMIT[0m
  [1m[36mBlog Load (1.5ms)[0m  [1m[34mSELECT "blogs".* FROM "blogs" LIMIT $1[0m  [["LIMIT", 11]]
  [1m[35m (0.3ms)[0m  [1m[35mBEGIN[0m
  [1m[36mBlog Create (0.6ms)[0m  [1m[32mINSERT INTO "blogs" ("title", "content", "created_at", "updated_at") VALUES ($1, $2, $3, $4) RETURNING "id"[0m  [["title", "Best Butt workouts"], ["content", "It's great for you too!"], ["created_at", "2020-08-04 18:57:56.340173"], ["updated_at", "2020-08-04 18:57:56.340173"]]
  [1m[35m (3.6ms)[0m  [1m[35mCOMMIT[0m
  [1m[36mBlog Load (2.8ms)[0m  [1m[34mSELECT "blogs".* FROM "blogs" LIMIT $1[0m  [["LIMIT", 11]]
Started GET "/" for ::1 at 2020-08-04 13:14:05 -0700
Processing by Rails::WelcomeController#index as HTML
  Rendering /Users/learnacademy/.rvm/gems/ruby-2.7.0/gems/railties-6.0.3.2/lib/rails/templates/rails/welcome/index.html.erb
  Rendered /Users/learnacademy/.rvm/gems/ruby-2.7.0/gems/railties-6.0.3.2/lib/rails/templates/rails/welcome/index.html.erb (Duration: 9.4ms | Allocations: 182)
Completed 200 OK in 19ms (Views: 10.9ms | ActiveRecord: 0.0ms | Allocations: 2233)


Started GET "/" for ::1 at 2020-08-04 13:14:07 -0700
Processing by Rails::WelcomeController#index as HTML
  Rendering /Users/learnacademy/.rvm/gems/ruby-2.7.0/gems/railties-6.0.3.2/lib/rails/templates/rails/welcome/index.html.erb
  Rendered /Users/learnacademy/.rvm/gems/ruby-2.7.0/gems/railties-6.0.3.2/lib/rails/templates/rails/welcome/index.html.erb (Duration: 0.4ms | Allocations: 8)
Completed 200 OK in 2ms (Views: 1.2ms | ActiveRecord: 0.0ms | Allocations: 349)


Started GET "/" for ::1 at 2020-08-04 13:20:00 -0700
Processing by Rails::WelcomeController#index as HTML
  Rendering /Users/learnacademy/.rvm/gems/ruby-2.7.0/gems/railties-6.0.3.2/lib/rails/templates/rails/welcome/index.html.erb
  Rendered /Users/learnacademy/.rvm/gems/ruby-2.7.0/gems/railties-6.0.3.2/lib/rails/templates/rails/welcome/index.html.erb (Duration: 6.4ms | Allocations: 179)
Completed 200 OK in 9ms (Views: 7.3ms | ActiveRecord: 0.0ms | Allocations: 824)


Started GET "/" for ::1 at 2020-08-04 13:20:02 -0700
Processing by Rails::WelcomeController#index as HTML
  Rendering /Users/learnacademy/.rvm/gems/ruby-2.7.0/gems/railties-6.0.3.2/lib/rails/templates/rails/welcome/index.html.erb
  Rendered /Users/learnacademy/.rvm/gems/ruby-2.7.0/gems/railties-6.0.3.2/lib/rails/templates/rails/welcome/index.html.erb (Duration: 0.4ms | Allocations: 7)
Completed 200 OK in 3ms (Views: 1.7ms | ActiveRecord: 0.0ms | Allocations: 347)


Started GET "/" for ::1 at 2020-08-04 13:20:24 -0700
Processing by Rails::WelcomeController#index as HTML
  Rendering /Users/learnacademy/.rvm/gems/ruby-2.7.0/gems/railties-6.0.3.2/lib/rails/templates/rails/welcome/index.html.erb
  Rendered /Users/learnacademy/.rvm/gems/ruby-2.7.0/gems/railties-6.0.3.2/lib/rails/templates/rails/welcome/index.html.erb (Duration: 0.7ms | Allocations: 8)
Completed 200 OK in 2ms (Views: 1.4ms | ActiveRecord: 0.0ms | Allocations: 348)


Started GET "/blogs" for ::1 at 2020-08-04 13:20:34 -0700
Processing by BlogController#index as HTML
Completed 406 Not Acceptable in 5ms (ActiveRecord: 0.0ms | Allocations: 2227)


  
ActionController::MissingExactTemplate (BlogController#index is missing a template for request formats: text/html):
  
actionpack (6.0.3.2) lib/action_controller/metal/implicit_render.rb:45:in `default_render'
actionpack (6.0.3.2) lib/action_controller/metal/basic_implicit_render.rb:6:in `block in send_action'
actionpack (6.0.3.2) lib/action_controller/metal/basic_implicit_render.rb:6:in `tap'
actionpack (6.0.3.2) lib/action_controller/metal/basic_implicit_render.rb:6:in `send_action'
actionpack (6.0.3.2) lib/abstract_controller/base.rb:195:in `process_action'
actionpack (6.0.3.2) lib/action_controller/metal/rendering.rb:30:in `process_action'
actionpack (6.0.3.2) lib/abstract_controller/callbacks.rb:42:in `block in process_action'
activesupport (6.0.3.2) lib/active_support/callbacks.rb:135:in `run_callbacks'
actionpack (6.0.3.2) lib/abstract_controller/callbacks.rb:41:in `process_action'
actionpack (6.0.3.2) lib/action_controller/metal/rescue.rb:22:in `process_action'
actionpack (6.0.3.2) lib/action_controller/metal/instrumentation.rb:33:in `block in process_action'
activesupport (6.0.3.2) lib/active_support/notifications.rb:180:in `block in instrument'
activesupport (6.0.3.2) lib/active_support/notifications/instrumenter.rb:24:in `instrument'
activesupport (6.0.3.2) lib/active_support/notifications.rb:180:in `instrument'
actionpack (6.0.3.2) lib/action_controller/metal/instrumentation.rb:32:in `process_action'
actionpack (6.0.3.2) lib/action_controller/metal/params_wrapper.rb:245:in `process_action'
activerecord (6.0.3.2) lib/active_record/railties/controller_runtime.rb:27:in `process_action'
actionpack (6.0.3.2) lib/abstract_controller/base.rb:136:in `process'
actionview (6.0.3.2) lib/action_view/rendering.rb:39:in `process'
actionpack (6.0.3.2) lib/action_controller/metal.rb:190:in `dispatch'
actionpack (6.0.3.2) lib/action_controller/metal.rb:254:in `dispatch'
actionpack (6.0.3.2) lib/action_dispatch/routing/route_set.rb:50:in `dispatch'
actionpack (6.0.3.2) lib/action_dispatch/routing/route_set.rb:33:in `serve'
actionpack (6.0.3.2) lib/action_dispatch/journey/router.rb:49:in `block in serve'
actionpack (6.0.3.2) lib/action_dispatch/journey/router.rb:32:in `each'
actionpack (6.0.3.2) lib/action_dispatch/journey/router.rb:32:in `serve'
actionpack (6.0.3.2) lib/action_dispatch/routing/route_set.rb:834:in `call'
rack (2.2.3) lib/rack/tempfile_reaper.rb:15:in `call'
rack (2.2.3) lib/rack/etag.rb:27:in `call'
rack (2.2.3) lib/rack/conditional_get.rb:27:in `call'
rack (2.2.3) lib/rack/head.rb:12:in `call'
actionpack (6.0.3.2) lib/action_dispatch/http/content_security_policy.rb:18:in `call'
rack (2.2.3) lib/rack/session/abstract/id.rb:266:in `context'
rack (2.2.3) lib/rack/session/abstract/id.rb:260:in `call'
actionpack (6.0.3.2) lib/action_dispatch/middleware/cookies.rb:648:in `call'
activerecord (6.0.3.2) lib/active_record/migration.rb:567:in `call'
actionpack (6.0.3.2) lib/action_dispatch/middleware/callbacks.rb:27:in `block in call'
activesupport (6.0.3.2) lib/active_support/callbacks.rb:101:in `run_callbacks'
actionpack (6.0.3.2) lib/action_dispatch/middleware/callbacks.rb:26:in `call'
actionpack (6.0.3.2) lib/action_dispatch/middleware/executor.rb:14:in `call'
actionpack (6.0.3.2) lib/action_dispatch/middleware/actionable_exceptions.rb:17:in `call'
actionpack (6.0.3.2) lib/action_dispatch/middleware/debug_exceptions.rb:32:in `call'
web-console (4.0.4) lib/web_console/middleware.rb:132:in `call_app'
web-console (4.0.4) lib/web_console/middleware.rb:28:in `block in call'
web-console (4.0.4) lib/web_console/middleware.rb:17:in `catch'
web-console (4.0.4) lib/web_console/middleware.rb:17:in `call'
actionpack (6.0.3.2) lib/action_dispatch/middleware/show_exceptions.rb:33:in `call'
railties (6.0.3.2) lib/rails/rack/logger.rb:37:in `call_app'
railties (6.0.3.2) lib/rails/rack/logger.rb:26:in `block in call'
activesupport (6.0.3.2) lib/active_support/tagged_logging.rb:80:in `block in tagged'
activesupport (6.0.3.2) lib/active_support/tagged_logging.rb:28:in `tagged'
activesupport (6.0.3.2) lib/active_support/tagged_logging.rb:80:in `tagged'
railties (6.0.3.2) lib/rails/rack/logger.rb:26:in `call'
sprockets-rails (3.2.1) lib/sprockets/rails/quiet_assets.rb:13:in `call'
actionpack (6.0.3.2) lib/action_dispatch/middleware/remote_ip.rb:81:in `call'
actionpack (6.0.3.2) lib/action_dispatch/middleware/request_id.rb:27:in `call'
rack (2.2.3) lib/rack/method_override.rb:24:in `call'
rack (2.2.3) lib/rack/runtime.rb:22:in `call'
activesupport (6.0.3.2) lib/active_support/cache/strategy/local_cache_middleware.rb:29:in `call'
actionpack (6.0.3.2) lib/action_dispatch/middleware/executor.rb:14:in `call'
actionpack (6.0.3.2) lib/action_dispatch/middleware/static.rb:126:in `call'
rack (2.2.3) lib/rack/sendfile.rb:110:in `call'
actionpack (6.0.3.2) lib/action_dispatch/middleware/host_authorization.rb:82:in `call'
webpacker (4.2.2) lib/webpacker/dev_server_proxy.rb:23:in `perform_request'
rack-proxy (0.6.5) lib/rack/proxy.rb:57:in `call'
railties (6.0.3.2) lib/rails/engine.rb:527:in `call'
puma (4.3.5) lib/puma/configuration.rb:228:in `call'
puma (4.3.5) lib/puma/server.rb:713:in `handle_request'
puma (4.3.5) lib/puma/server.rb:472:in `process_client'
puma (4.3.5) lib/puma/server.rb:328:in `block in run'
puma (4.3.5) lib/puma/thread_pool.rb:134:in `block in spawn_thread'
Started GET "/blogs" for ::1 at 2020-08-04 13:21:26 -0700
Processing by BlogController#index as HTML
  Rendering blog/index.html.erb within layouts/application
  [1m[36mBlog Load (1.7ms)[0m  [1m[34mSELECT "blogs".* FROM "blogs"[0m
  ↳ app/views/blog/index.html.erb:3
  Rendered blog/index.html.erb within layouts/application (Duration: 21.4ms | Allocations: 3858)
[Webpacker] Compiling...
[Webpacker] Compiled all packs in /Users/learnacademy/Desktop/blog-post-paris/ej_blog_forms/public/packs
[Webpacker] Hash: 15d1bb7b54cf6326b9ba
Version: webpack 4.44.1
Time: 3639ms
Built at: 08/04/2020 1:21:34 PM
                                     Asset       Size       Chunks                         Chunk Names
    js/application-9afcbb5693aa87623e69.js    124 KiB  application  [emitted] [immutable]  application
js/application-9afcbb5693aa87623e69.js.map    139 KiB  application  [emitted] [dev]        application
                             manifest.json  364 bytes               [emitted]              
Entrypoint application = js/application-9afcbb5693aa87623e69.js js/application-9afcbb5693aa87623e69.js.map
[./app/javascript/channels sync recursive _channel\.js$] ./app/javascript/channels sync _channel\.js$ 160 bytes {application} [built]
[./app/javascript/channels/index.js] 211 bytes {application} [built]
[./app/javascript/packs/application.js] 749 bytes {application} [built]
[./node_modules/webpack/buildin/module.js] (webpack)/buildin/module.js 552 bytes {application} [built]
    + 3 hidden modules

Completed 200 OK in 7518ms (Views: 7508.1ms | ActiveRecord: 8.4ms | Allocations: 22232)


Started GET "/blogs" for ::1 at 2020-08-04 13:29:28 -0700
Processing by BlogController#index as HTML
  Rendering blog/index.html.erb within layouts/application
  [1m[36mBlog Load (13.1ms)[0m  [1m[34mSELECT "blogs".* FROM "blogs"[0m
  ↳ app/views/blog/index.html.erb:3
  Rendered blog/index.html.erb within layouts/application (Duration: 22.1ms | Allocations: 3316)
[Webpacker] Everything's up-to-date. Nothing to do
Completed 200 OK in 34ms (Views: 17.5ms | ActiveRecord: 13.1ms | Allocations: 8372)


Started GET "/blogs" for ::1 at 2020-08-04 13:29:30 -0700
Processing by BlogController#index as HTML
  Rendering blog/index.html.erb within layouts/application
  [1m[36mBlog Load (0.3ms)[0m  [1m[34mSELECT "blogs".* FROM "blogs"[0m
  ↳ app/views/blog/index.html.erb:3
  Rendered blog/index.html.erb within layouts/application (Duration: 1.3ms | Allocations: 648)
[Webpacker] Everything's up-to-date. Nothing to do
Completed 200 OK in 9ms (Views: 7.9ms | ActiveRecord: 0.3ms | Allocations: 4519)


Started GET "/blogs/1" for ::1 at 2020-08-04 13:29:44 -0700
  
ActionController::RoutingError (No route matches [GET] "/blogs/1"):
  
actionpack (6.0.3.2) lib/action_dispatch/middleware/debug_exceptions.rb:36:in `call'
web-console (4.0.4) lib/web_console/middleware.rb:132:in `call_app'
web-console (4.0.4) lib/web_console/middleware.rb:28:in `block in call'
web-console (4.0.4) lib/web_console/middleware.rb:17:in `catch'
web-console (4.0.4) lib/web_console/middleware.rb:17:in `call'
actionpack (6.0.3.2) lib/action_dispatch/middleware/show_exceptions.rb:33:in `call'
railties (6.0.3.2) lib/rails/rack/logger.rb:37:in `call_app'
railties (6.0.3.2) lib/rails/rack/logger.rb:26:in `block in call'
activesupport (6.0.3.2) lib/active_support/tagged_logging.rb:80:in `block in tagged'
activesupport (6.0.3.2) lib/active_support/tagged_logging.rb:28:in `tagged'
activesupport (6.0.3.2) lib/active_support/tagged_logging.rb:80:in `tagged'
railties (6.0.3.2) lib/rails/rack/logger.rb:26:in `call'
sprockets-rails (3.2.1) lib/sprockets/rails/quiet_assets.rb:13:in `call'
actionpack (6.0.3.2) lib/action_dispatch/middleware/remote_ip.rb:81:in `call'
actionpack (6.0.3.2) lib/action_dispatch/middleware/request_id.rb:27:in `call'
rack (2.2.3) lib/rack/method_override.rb:24:in `call'
rack (2.2.3) lib/rack/runtime.rb:22:in `call'
activesupport (6.0.3.2) lib/active_support/cache/strategy/local_cache_middleware.rb:29:in `call'
actionpack (6.0.3.2) lib/action_dispatch/middleware/executor.rb:14:in `call'
actionpack (6.0.3.2) lib/action_dispatch/middleware/static.rb:126:in `call'
rack (2.2.3) lib/rack/sendfile.rb:110:in `call'
actionpack (6.0.3.2) lib/action_dispatch/middleware/host_authorization.rb:82:in `call'
webpacker (4.2.2) lib/webpacker/dev_server_proxy.rb:23:in `perform_request'
rack-proxy (0.6.5) lib/rack/proxy.rb:57:in `call'
railties (6.0.3.2) lib/rails/engine.rb:527:in `call'
puma (4.3.5) lib/puma/configuration.rb:228:in `call'
puma (4.3.5) lib/puma/server.rb:713:in `handle_request'
puma (4.3.5) lib/puma/server.rb:472:in `process_client'
puma (4.3.5) lib/puma/server.rb:328:in `block in run'
puma (4.3.5) lib/puma/thread_pool.rb:134:in `block in spawn_thread'
Started GET "/blog/1" for ::1 at 2020-08-04 13:29:52 -0700
Processing by BlogController#show as HTML
  Parameters: {"id"=>"1"}
  [1m[36mBlog Load (0.4ms)[0m  [1m[34mSELECT "blogs".* FROM "blogs" WHERE "blogs"."id" = $1 LIMIT $2[0m  [["id", 1], ["LIMIT", 1]]
  ↳ app/controllers/blog_controller.rb:6:in `show'
  Rendering blog/show.html.erb within layouts/application
  Rendered blog/show.html.erb within layouts/application (Duration: 0.6ms | Allocations: 106)
[Webpacker] Everything's up-to-date. Nothing to do
Completed 200 OK in 17ms (Views: 8.0ms | ActiveRecord: 0.8ms | Allocations: 5079)


Started GET "/blog/1" for ::1 at 2020-08-04 13:30:27 -0700
Processing by BlogController#show as HTML
  Parameters: {"id"=>"1"}
  [1m[36mBlog Load (0.4ms)[0m  [1m[34mSELECT "blogs".* FROM "blogs" WHERE "blogs"."id" = $1 LIMIT $2[0m  [["id", 1], ["LIMIT", 1]]
  ↳ app/controllers/blog_controller.rb:6:in `show'
  Rendering blog/show.html.erb within layouts/application
  Rendered blog/show.html.erb within layouts/application (Duration: 0.6ms | Allocations: 113)
[Webpacker] Everything's up-to-date. Nothing to do
Completed 200 OK in 15ms (Views: 11.2ms | ActiveRecord: 0.4ms | Allocations: 5421)


Started GET "/blog/1" for ::1 at 2020-08-04 13:30:29 -0700
Processing by BlogController#show as HTML
  Parameters: {"id"=>"1"}
  [1m[36mBlog Load (0.9ms)[0m  [1m[34mSELECT "blogs".* FROM "blogs" WHERE "blogs"."id" = $1 LIMIT $2[0m  [["id", 1], ["LIMIT", 1]]
  ↳ app/controllers/blog_controller.rb:6:in `show'
  Rendering blog/show.html.erb within layouts/application
  Rendered blog/show.html.erb within layouts/application (Duration: 0.1ms | Allocations: 11)
[Webpacker] Everything's up-to-date. Nothing to do
Completed 200 OK in 17ms (Views: 12.8ms | ActiveRecord: 0.9ms | Allocations: 4425)


Started GET "/blog/1" for ::1 at 2020-08-04 13:30:30 -0700
Processing by BlogController#show as HTML
  Parameters: {"id"=>"1"}
  [1m[36mBlog Load (0.4ms)[0m  [1m[34mSELECT "blogs".* FROM "blogs" WHERE "blogs"."id" = $1 LIMIT $2[0m  [["id", 1], ["LIMIT", 1]]
  ↳ app/controllers/blog_controller.rb:6:in `show'
  Rendering blog/show.html.erb within layouts/application
  Rendered blog/show.html.erb within layouts/application (Duration: 0.1ms | Allocations: 11)
[Webpacker] Everything's up-to-date. Nothing to do
Completed 200 OK in 9ms (Views: 6.3ms | ActiveRecord: 0.4ms | Allocations: 4423)


Started GET "/blogs" for ::1 at 2020-08-04 13:33:40 -0700
Processing by BlogController#index as HTML
  Rendering blog/index.html.erb within layouts/application
  [1m[36mBlog Load (0.4ms)[0m  [1m[34mSELECT "blogs".* FROM "blogs"[0m
  ↳ app/views/blog/index.html.erb:3
  Rendered blog/index.html.erb within layouts/application (Duration: 14.5ms | Allocations: 3445)
[Webpacker] Everything's up-to-date. Nothing to do
Completed 200 OK in 26ms (Views: 16.6ms | ActiveRecord: 7.5ms | Allocations: 7858)


Started GET "/blogs" for ::1 at 2020-08-04 13:36:03 -0700
Processing by BlogController#index as HTML
  Rendering blog/index.html.erb within layouts/application
  Rendered blog/index.html.erb within layouts/application (Duration: 1.1ms | Allocations: 1039)
Completed 500 Internal Server Error in 4ms (ActiveRecord: 0.0ms | Allocations: 2238)


  
ActionView::SyntaxErrorInTemplate (Encountered a syntax error while rendering template: check <h2> Our Super Cool Blog! </h2>
<ul>
<% @blogs.each do |post| %>
    <li> 
    <%= link_to post.title, one_blog_path (post) %>
    </li>
    <% end %>
</ul>
):
1:    <h2> Our Super Cool Blog! </h2>
2:    <ul>
3:    <% @blogs.each do |post| %>
4:        <li> 
5:        <%= link_to post.title, one_blog_path (post) %>
6:        </li>
7:        <% end %>
8:    </ul>
  
app/views/blog/index.html.erb:5: syntax error, unexpected ( arg, expecting `do' or '{' or '('
app/views/blog/index.html.erb:5: syntax error, unexpected ( arg, expecting `do' or '{' or '('
app/views/blog/index.html.erb:5: syntax error, unexpected ( arg, expecting `do' or '{' or '('
app/views/blog/index.html.erb:5: syntax error, unexpected ( arg, expecting `do' or '{' or '('
app/views/blog/index.html.erb:5: syntax error, unexpected ( arg, expecting `do' or '{' or '('
app/views/blog/index.html.erb:5: syntax error, unexpected ( arg, expecting `do' or '{' or '('
Started GET "/blogs" for ::1 at 2020-08-04 13:36:38 -0700
Processing by BlogController#index as HTML
  Rendering blog/index.html.erb within layouts/application
  [1m[36mBlog Load (23.1ms)[0m  [1m[34mSELECT "blogs".* FROM "blogs"[0m
  ↳ app/views/blog/index.html.erb:3
  Rendered blog/index.html.erb within layouts/application (Duration: 25.7ms | Allocations: 851)
[Webpacker] Everything's up-to-date. Nothing to do
Completed 200 OK in 40ms (Views: 15.3ms | ActiveRecord: 23.1ms | Allocations: 5621)


Started GET "/blog/1" for ::1 at 2020-08-04 13:36:41 -0700
Processing by BlogController#show as HTML
  Parameters: {"id"=>"1"}
  [1m[36mBlog Load (1.2ms)[0m  [1m[34mSELECT "blogs".* FROM "blogs" WHERE "blogs"."id" = $1 LIMIT $2[0m  [["id", 1], ["LIMIT", 1]]
  ↳ app/controllers/blog_controller.rb:6:in `show'
  Rendering blog/show.html.erb within layouts/application
  Rendered blog/show.html.erb within layouts/application (Duration: 1.1ms | Allocations: 112)
[Webpacker] Everything's up-to-date. Nothing to do
Completed 200 OK in 23ms (Views: 12.8ms | ActiveRecord: 1.2ms | Allocations: 4768)


Started GET "/blog/2" for ::1 at 2020-08-04 13:36:45 -0700
Processing by BlogController#show as HTML
  Parameters: {"id"=>"2"}
  [1m[36mBlog Load (0.7ms)[0m  [1m[34mSELECT "blogs".* FROM "blogs" WHERE "blogs"."id" = $1 LIMIT $2[0m  [["id", 2], ["LIMIT", 1]]
  ↳ app/controllers/blog_controller.rb:6:in `show'
  Rendering blog/show.html.erb within layouts/application
  Rendered blog/show.html.erb within layouts/application (Duration: 0.1ms | Allocations: 10)
[Webpacker] Everything's up-to-date. Nothing to do
Completed 200 OK in 15ms (Views: 12.0ms | ActiveRecord: 0.7ms | Allocations: 4417)


Started GET "/blogs" for ::1 at 2020-08-04 13:37:02 -0700
Processing by BlogController#index as HTML
  Rendering blog/index.html.erb within layouts/application
  Rendered blog/index.html.erb within layouts/application (Duration: 0.8ms | Allocations: 1039)
Completed 500 Internal Server Error in 5ms (ActiveRecord: 0.0ms | Allocations: 2239)


  
ActionView::SyntaxErrorInTemplate (Encountered a syntax error while rendering template: check <h2> Our Super Cool Blog! </h2>
<ul>
<% @blogs.each do |post| %>
    <li> 
    <%= link_to post.title, one_blog_path post %>
    </li>
    <% end %>
</ul>
):
1:    <h2> Our Super Cool Blog! </h2>
2:    <ul>
3:    <% @blogs.each do |post| %>
4:        <li> 
5:        <%= link_to post.title, one_blog_path post %>
6:        </li>
7:        <% end %>
8:    </ul>
  
app/views/blog/index.html.erb:5: syntax error, unexpected local variable or method, expecting `do' or '{' or '('
app/views/blog/index.html.erb:5: syntax error, unexpected local variable or method, expecting `do' or '{' or '('
app/views/blog/index.html.erb:5: syntax error, unexpected local variable or method, expecting `do' or '{' or '('
app/views/blog/index.html.erb:5: syntax error, unexpected local variable or method, expecting `do' or '{' or '('
app/views/blog/index.html.erb:5: syntax error, unexpected local variable or method, expecting `do' or '{' or '('
app/views/blog/index.html.erb:5: syntax error, unexpected local variable or method, expecting `do' or '{' or '('
Started GET "/blogs" for ::1 at 2020-08-04 13:37:18 -0700
Processing by BlogController#index as HTML
  Rendering blog/index.html.erb within layouts/application
  [1m[36mBlog Load (0.6ms)[0m  [1m[34mSELECT "blogs".* FROM "blogs"[0m
  ↳ app/views/blog/index.html.erb:3
  Rendered blog/index.html.erb within layouts/application (Duration: 3.3ms | Allocations: 839)
[Webpacker] Everything's up-to-date. Nothing to do
Completed 200 OK in 15ms (Views: 12.9ms | ActiveRecord: 0.6ms | Allocations: 5616)


Started GET "/blogs" for ::1 at 2020-08-04 13:40:03 -0700
Processing by BlogController#index as HTML
  Rendering blog/index.html.erb within layouts/application
  [1m[36mBlog Load (0.6ms)[0m  [1m[34mSELECT "blogs".* FROM "blogs"[0m
  ↳ app/views/blog/index.html.erb:3
  Rendered blog/index.html.erb within layouts/application (Duration: 3.6ms | Allocations: 843)
[Webpacker] Everything's up-to-date. Nothing to do
Completed 200 OK in 17ms (Views: 14.6ms | ActiveRecord: 0.6ms | Allocations: 5632)


Started GET "/blog/1" for ::1 at 2020-08-04 13:40:04 -0700
Processing by BlogController#show as HTML
  Parameters: {"id"=>"1"}
  [1m[36mBlog Load (24.8ms)[0m  [1m[34mSELECT "blogs".* FROM "blogs" WHERE "blogs"."id" = $1 LIMIT $2[0m  [["id", 1], ["LIMIT", 1]]
  ↳ app/controllers/blog_controller.rb:6:in `show'
  Rendering blog/show.html.erb within layouts/application
  Rendered blog/show.html.erb within layouts/application (Duration: 1.0ms | Allocations: 167)
[Webpacker] Everything's up-to-date. Nothing to do
Completed 200 OK in 36ms (Views: 8.1ms | ActiveRecord: 24.8ms | Allocations: 4710)


Started GET "/blogs" for ::1 at 2020-08-04 13:40:06 -0700
Processing by BlogController#index as HTML
  Rendering blog/index.html.erb within layouts/application
  [1m[36mBlog Load (0.4ms)[0m  [1m[34mSELECT "blogs".* FROM "blogs"[0m
  ↳ app/views/blog/index.html.erb:3
  Rendered blog/index.html.erb within layouts/application (Duration: 2.1ms | Allocations: 703)
[Webpacker] Everything's up-to-date. Nothing to do
Completed 200 OK in 12ms (Views: 10.8ms | ActiveRecord: 0.4ms | Allocations: 4558)


Started GET "/blog/2" for ::1 at 2020-08-04 13:40:07 -0700
Processing by BlogController#show as HTML
  Parameters: {"id"=>"2"}
  [1m[36mBlog Load (0.3ms)[0m  [1m[34mSELECT "blogs".* FROM "blogs" WHERE "blogs"."id" = $1 LIMIT $2[0m  [["id", 2], ["LIMIT", 1]]
  ↳ app/controllers/blog_controller.rb:6:in `show'
  Rendering blog/show.html.erb within layouts/application
  Rendered blog/show.html.erb within layouts/application (Duration: 0.2ms | Allocations: 41)
[Webpacker] Everything's up-to-date. Nothing to do
Completed 200 OK in 12ms (Views: 8.7ms | ActiveRecord: 0.3ms | Allocations: 4436)


Started GET "/blogs" for ::1 at 2020-08-04 13:40:08 -0700
Processing by BlogController#index as HTML
  Rendering blog/index.html.erb within layouts/application
  [1m[36mBlog Load (22.0ms)[0m  [1m[34mSELECT "blogs".* FROM "blogs"[0m
  ↳ app/views/blog/index.html.erb:3
  Rendered blog/index.html.erb within layouts/application (Duration: 24.0ms | Allocations: 702)
[Webpacker] Everything's up-to-date. Nothing to do
Completed 200 OK in 33ms (Views: 9.8ms | ActiveRecord: 22.0ms | Allocations: 4558)


Started GET "/blogs" for ::1 at 2020-08-04 13:46:56 -0700
Processing by BlogController#index as HTML
  Rendering blog/index.html.erb within layouts/application
  [1m[36mBlog Load (15.4ms)[0m  [1m[34mSELECT "blogs".* FROM "blogs"[0m
  ↳ app/views/blog/index.html.erb:3
  Rendered blog/index.html.erb within layouts/application (Duration: 24.7ms | Allocations: 3443)
[Webpacker] Everything's up-to-date. Nothing to do
Completed 200 OK in 36ms (Views: 18.0ms | ActiveRecord: 15.4ms | Allocations: 8472)


Started GET "/blogs/new" for ::1 at 2020-08-04 13:47:02 -0700
Processing by BlogController#new as HTML
  Rendering blog/new.html.erb within layouts/application
  Rendered blog/new.html.erb within layouts/application (Duration: 0.5ms | Allocations: 66)
[Webpacker] Everything's up-to-date. Nothing to do
Completed 200 OK in 13ms (Views: 11.1ms | ActiveRecord: 0.0ms | Allocations: 4035)


Started GET "/blogs" for ::1 at 2020-08-04 13:55:41 -0700
Processing by BlogController#index as HTML
  Rendering blog/index.html.erb within layouts/application
  [1m[36mBlog Load (1.1ms)[0m  [1m[34mSELECT "blogs".* FROM "blogs"[0m
  ↳ app/views/blog/index.html.erb:3
  Rendered blog/index.html.erb within layouts/application (Duration: 4.1ms | Allocations: 950)
[Webpacker] Everything's up-to-date. Nothing to do
Completed 200 OK in 26ms (Views: 24.3ms | ActiveRecord: 1.1ms | Allocations: 5724)


Started GET "/blogs/new" for ::1 at 2020-08-04 13:55:43 -0700
Processing by BlogController#new as HTML
  Rendering blog/new.html.erb within layouts/application
  Rendered blog/new.html.erb within layouts/application (Duration: 37.1ms | Allocations: 7016)
[Webpacker] Everything's up-to-date. Nothing to do
Completed 200 OK in 53ms (Views: 45.0ms | ActiveRecord: 0.0ms | Allocations: 10910)


Started POST "/blogs" for ::1 at 2020-08-04 13:55:56 -0700
  
ActionController::RoutingError (No route matches [POST] "/blogs"):
  
actionpack (6.0.3.2) lib/action_dispatch/middleware/debug_exceptions.rb:36:in `call'
web-console (4.0.4) lib/web_console/middleware.rb:132:in `call_app'
web-console (4.0.4) lib/web_console/middleware.rb:28:in `block in call'
web-console (4.0.4) lib/web_console/middleware.rb:17:in `catch'
web-console (4.0.4) lib/web_console/middleware.rb:17:in `call'
actionpack (6.0.3.2) lib/action_dispatch/middleware/show_exceptions.rb:33:in `call'
railties (6.0.3.2) lib/rails/rack/logger.rb:37:in `call_app'
railties (6.0.3.2) lib/rails/rack/logger.rb:26:in `block in call'
activesupport (6.0.3.2) lib/active_support/tagged_logging.rb:80:in `block in tagged'
activesupport (6.0.3.2) lib/active_support/tagged_logging.rb:28:in `tagged'
activesupport (6.0.3.2) lib/active_support/tagged_logging.rb:80:in `tagged'
railties (6.0.3.2) lib/rails/rack/logger.rb:26:in `call'
sprockets-rails (3.2.1) lib/sprockets/rails/quiet_assets.rb:13:in `call'
actionpack (6.0.3.2) lib/action_dispatch/middleware/remote_ip.rb:81:in `call'
actionpack (6.0.3.2) lib/action_dispatch/middleware/request_id.rb:27:in `call'
rack (2.2.3) lib/rack/method_override.rb:24:in `call'
rack (2.2.3) lib/rack/runtime.rb:22:in `call'
activesupport (6.0.3.2) lib/active_support/cache/strategy/local_cache_middleware.rb:29:in `call'
actionpack (6.0.3.2) lib/action_dispatch/middleware/executor.rb:14:in `call'
actionpack (6.0.3.2) lib/action_dispatch/middleware/static.rb:126:in `call'
rack (2.2.3) lib/rack/sendfile.rb:110:in `call'
actionpack (6.0.3.2) lib/action_dispatch/middleware/host_authorization.rb:82:in `call'
webpacker (4.2.2) lib/webpacker/dev_server_proxy.rb:23:in `perform_request'
rack-proxy (0.6.5) lib/rack/proxy.rb:57:in `call'
railties (6.0.3.2) lib/rails/engine.rb:527:in `call'
puma (4.3.5) lib/puma/configuration.rb:228:in `call'
puma (4.3.5) lib/puma/server.rb:713:in `handle_request'
puma (4.3.5) lib/puma/server.rb:472:in `process_client'
puma (4.3.5) lib/puma/server.rb:328:in `block in run'
puma (4.3.5) lib/puma/thread_pool.rb:134:in `block in spawn_thread'
Started GET "/blogs/new" for ::1 at 2020-08-04 13:56:29 -0700
Processing by BlogController#new as HTML
  Rendering blog/new.html.erb within layouts/application
  Rendered blog/new.html.erb within layouts/application (Duration: 2.6ms | Allocations: 2185)
[Webpacker] Everything's up-to-date. Nothing to do
Completed 200 OK in 14ms (Views: 12.3ms | ActiveRecord: 0.0ms | Allocations: 6834)


Started GET "/blogs/new" for ::1 at 2020-08-04 13:56:58 -0700
Processing by BlogController#new as HTML
  Rendering blog/new.html.erb within layouts/application
  Rendered blog/new.html.erb within layouts/application (Duration: 3.6ms | Allocations: 2177)
[Webpacker] Everything's up-to-date. Nothing to do
Completed 200 OK in 24ms (Views: 22.4ms | ActiveRecord: 0.0ms | Allocations: 6822)


Started GET "/blogs/new" for ::1 at 2020-08-04 13:57:01 -0700
Processing by BlogController#new as HTML
  Rendering blog/new.html.erb within layouts/application
  Rendered blog/new.html.erb within layouts/application (Duration: 1.8ms | Allocations: 1988)
[Webpacker] Everything's up-to-date. Nothing to do
Completed 200 OK in 10ms (Views: 9.0ms | ActiveRecord: 0.0ms | Allocations: 5746)


Started GET "/blogs/new" for ::1 at 2020-08-04 14:55:22 -0700
Processing by BlogController#new as HTML
  Rendering blog/new.html.erb within layouts/application
  Rendered blog/new.html.erb within layouts/application (Duration: 2.6ms | Allocations: 2183)
[Webpacker] Everything's up-to-date. Nothing to do
Completed 200 OK in 22ms (Views: 20.4ms | ActiveRecord: 0.0ms | Allocations: 6833)


